<?xml version="1.0" encoding="utf-8"?>
<!DOCTYPE coverage SYSTEM "http://cobertura.sourceforge.net/xml/coverage-04.dtd">
<coverage line-rate="1" branch-rate="1" lines-covered="2" lines-valid="2" branches-covered="0" branches-valid="0" complexity="2" version="0" timestamp="1723165200">
  <sources>
    <source>/home/runner/work/actions/actions/src/</source>
  </sources>
  <packages>
    <package name="composite1" line-rate="1" branch-rate="1" complexity="1">
      <classes>
        <class name="composite1.TestClass" filename="/home/runner/work/actions/actions/src/composite1/TestClass.cs" line-rate="1" branch-rate="1" complexity="1">
          <methods>
            <method name="Test" signature="()" line-rate="1" branch-rate="1" complexity="1">
              <lines>
                <line number="5" hits="1" branch="false" />
              </lines>
            </method>
          </methods>
          <lines>
            <line number="5" hits="1" branch="false" />
          </lines>
        </class>
      </classes>
    </package>
    <package name="composite2" line-rate="1" branch-rate="1" complexity="1">
      <classes>
        <class name="composite2.TestClass" filename="/home/runner/work/actions/actions/src/composite2/TestClass.cs" line-rate="1" branch-rate="1" complexity="1">
          <methods>
            <method name="Test" signature="()" line-rate="1" branch-rate="1" complexity="1">
              <lines>
                <line number="5" hits="1" branch="false" />
              </lines>
            </method>
          </methods>
          <lines>
            <line number="5" hits="1" branch="false" />
          </lines>
        </class>
      </classes>
    </package>
  </packages>
</coverage>